rm -f pcomp *.o output?
gcc -std=c99 -Wall -Wshadow -Wno-unused-parameter --pedantic -Wvla -Werror -fopenmp -lm -O3 main.c graphs.c utils.c network.c -o pcomp
000% | ELAPSED: 000:00:01, ETA: 002:46:40 |  312501432
001% | ELAPSED: 000:00:41, ETA: 001:07:39 |          0
002% | ELAPSED: 000:01:12, ETA: 000:59:42 |          0
003% | ELAPSED: 000:01:43, ETA: 000:57:01 |          0
004% | ELAPSED: 000:02:15, ETA: 000:56:06 |          0
005% | ELAPSED: 000:02:48, ETA: 000:55:53 |          0
006% | ELAPSED: 000:03:20, ETA: 000:55:27 |          0
007% | ELAPSED: 000:03:53, ETA: 000:55:23 |          0
008% | ELAPSED: 000:04:26, ETA: 000:55:20 |          0
009% | ELAPSED: 000:05:00, ETA: 000:55:29 |          0
010% | ELAPSED: 000:05:33, ETA: 000:55:26 |          0
011% | ELAPSED: 000:06:07, ETA: 000:55:33 |          0
012% | ELAPSED: 000:06:41, ETA: 000:55:38 |          0
013% | ELAPSED: 000:07:15, ETA: 000:55:43 |          0
014% | ELAPSED: 000:07:50, ETA: 000:55:54 |          0
015% | ELAPSED: 000:08:24, ETA: 000:55:57 |          0
016% | ELAPSED: 000:08:59, ETA: 000:56:06 |          0
017% | ELAPSED: 000:09:34, ETA: 000:56:14 |          0
018% | ELAPSED: 000:10:10, ETA: 000:56:27 |          0
019% | ELAPSED: 000:10:46, ETA: 000:56:38 |          0
020% | ELAPSED: 000:11:22, ETA: 000:56:48 |          0
021% | ELAPSED: 000:11:58, ETA: 000:56:57 |          0
022% | ELAPSED: 000:12:34, ETA: 000:57:05 |          0
023% | ELAPSED: 000:13:11, ETA: 000:57:17 |          0
024% | ELAPSED: 000:13:48, ETA: 000:57:28 |          0
025% | ELAPSED: 000:14:24, ETA: 000:57:34 |          0
026% | ELAPSED: 000:15:01, ETA: 000:57:44 |          0
027% | ELAPSED: 000:15:38, ETA: 000:57:52 |          0
028% | ELAPSED: 000:16:16, ETA: 000:58:04 |          0
029% | ELAPSED: 000:16:54, ETA: 000:58:15 |          0
030% | ELAPSED: 000:17:32, ETA: 000:58:25 |          0
031% | ELAPSED: 000:18:09, ETA: 000:58:31 |          0
032% | ELAPSED: 000:18:46, ETA: 000:58:37 |          0
033% | ELAPSED: 000:19:23, ETA: 000:58:43 |          0
034% | ELAPSED: 000:20:01, ETA: 000:58:51 |          0
035% | ELAPSED: 000:20:38, ETA: 000:58:56 |          0
036% | ELAPSED: 000:21:17, ETA: 000:59:06 |          0
037% | ELAPSED: 000:21:55, ETA: 000:59:13 |          0
038% | ELAPSED: 000:22:34, ETA: 000:59:22 |          0
039% | ELAPSED: 000:23:12, ETA: 000:59:28 |          0
040% | ELAPSED: 000:23:50, ETA: 000:59:34 |          0
041% | ELAPSED: 000:24:28, ETA: 000:59:39 |          0
042% | ELAPSED: 000:25:06, ETA: 000:59:44 |          0
043% | ELAPSED: 000:25:45, ETA: 000:59:52 |          0
044% | ELAPSED: 000:26:25, ETA: 001:00:01 |          0
045% | ELAPSED: 000:27:05, ETA: 001:00:10 |          0
046% | ELAPSED: 000:27:46, ETA: 001:00:20 |          0
047% | ELAPSED: 000:28:27, ETA: 001:00:31 |          0
048% | ELAPSED: 000:29:08, ETA: 001:00:40 |          0
049% | ELAPSED: 000:29:50, ETA: 001:00:52 |          0
050% | ELAPSED: 000:30:33, ETA: 001:01:05 |          0
051% | ELAPSED: 000:31:16, ETA: 001:01:17 |          0
052% | ELAPSED: 000:31:59, ETA: 001:01:29 |          0
053% | ELAPSED: 000:32:43, ETA: 001:01:43 |          0
054% | ELAPSED: 000:33:28, ETA: 001:01:57 |          0
055% | ELAPSED: 000:34:12, ETA: 001:02:10 |          0
056% | ELAPSED: 000:34:57, ETA: 001:02:23 |          0
057% | ELAPSED: 000:35:41, ETA: 001:02:35 |          0
058% | ELAPSED: 000:36:26, ETA: 001:02:48 |          0
059% | ELAPSED: 000:37:11, ETA: 001:03:00 |          0
060% | ELAPSED: 000:37:55, ETA: 001:03:11 |          0
061% | ELAPSED: 000:38:39, ETA: 001:03:21 |          0
062% | ELAPSED: 000:39:24, ETA: 001:03:32 |          0
063% | ELAPSED: 000:40:09, ETA: 001:03:43 |          0
064% | ELAPSED: 000:40:54, ETA: 001:03:53 |          0
065% | ELAPSED: 000:41:40, ETA: 001:04:05 |          0
066% | ELAPSED: 000:42:25, ETA: 001:04:15 |          0
067% | ELAPSED: 000:43:10, ETA: 001:04:25 |          0
068% | ELAPSED: 000:43:57, ETA: 001:04:37 |          0
069% | ELAPSED: 000:44:43, ETA: 001:04:47 |          0
070% | ELAPSED: 000:45:29, ETA: 001:04:58 |          0
071% | ELAPSED: 000:46:15, ETA: 001:05:07 |          0
072% | ELAPSED: 000:47:02, ETA: 001:05:18 |          0
073% | ELAPSED: 000:47:48, ETA: 001:05:28 |          0
074% | ELAPSED: 000:48:35, ETA: 001:05:38 |          0
075% | ELAPSED: 000:49:22, ETA: 001:05:48 |          0
076% | ELAPSED: 000:50:09, ETA: 001:05:58 |          0
077% | ELAPSED: 000:50:57, ETA: 001:06:09 |          0
078% | ELAPSED: 000:51:42, ETA: 001:06:16 |          0
079% | ELAPSED: 000:52:28, ETA: 001:06:24 |          0
080% | ELAPSED: 000:53:14, ETA: 001:06:32 |          0
081% | ELAPSED: 000:53:59, ETA: 001:06:38 |          0
082% | ELAPSED: 000:54:42, ETA: 001:06:41 |          0
083% | ELAPSED: 000:55:26, ETA: 001:06:46 |          0
084% | ELAPSED: 000:56:09, ETA: 001:06:50 |          0
085% | ELAPSED: 000:56:54, ETA: 001:06:55 |          0
086% | ELAPSED: 000:57:36, ETA: 001:06:58 |          0
087% | ELAPSED: 000:58:19, ETA: 001:07:01 |          0
088% | ELAPSED: 000:59:01, ETA: 001:07:03 |          0
089% | ELAPSED: 000:59:44, ETA: 001:07:06 |          0
090% | ELAPSED: 001:00:28, ETA: 001:07:10 |          0
091% | ELAPSED: 001:01:12, ETA: 001:07:14 |          0
092% | ELAPSED: 001:01:57, ETA: 001:07:19 |          0
093% | ELAPSED: 001:02:42, ETA: 001:07:24 |          0
094% | ELAPSED: 001:03:26, ETA: 001:07:28 |          0
095% | ELAPSED: 001:04:12, ETA: 001:07:34 |          0
096% | ELAPSED: 001:04:57, ETA: 001:07:38 |          0
097% | ELAPSED: 001:05:42, ETA: 001:07:43 |          0
098% | ELAPSED: 001:06:26, ETA: 001:07:46 |          0
099% | ELAPSED: 001:07:11, ETA: 001:07:51 |          0
0
